app/build/intermediates/manifest_merge_blame_file/debug/manifest-merger-blame-debug-report.txt
1<?xml version="1.0" encoding="utf-8"?>
2<manifest xmlns:android="http://schemas.android.com/apk/res/android"
3    package="com.storepilot"
4    android:versionCode="1"
5    android:versionName="1.0" >
6
7    <uses-sdk
8        android:minSdkVersion="24"
9        android:targetSdkVersion="34" />
10
11    <!-- Required permission for App measurement to run. -->
12    <uses-permission android:name="android.permission.INTERNET" />
12-->[com.google.android.gms:play-services-measurement:23.2.0] AndroidManifest.xml:23:5-67
12-->[com.google.android.gms:play-services-measurement:23.2.0] AndroidManifest.xml:23:22-64
13    <uses-permission android:name="android.permission.ACCESS_NETWORK_STATE" />
13-->[com.google.android.gms:play-services-measurement:23.2.0] AndroidManifest.xml:24:5-79
13-->[com.google.android.gms:play-services-measurement:23.2.0] AndroidManifest.xml:24:22-76
14    <uses-permission android:name="android.permission.WAKE_LOCK" />
14-->[com.google.android.gms:play-services-measurement:23.2.0] AndroidManifest.xml:25:5-68
14-->[com.google.android.gms:play-services-measurement:23.2.0] AndroidManifest.xml:25:22-65
15    <uses-permission android:name="com.google.android.finsky.permission.BIND_GET_INSTALL_REFERRER_SERVICE" />
15-->[com.google.android.gms:play-services-measurement:23.2.0] AndroidManifest.xml:26:5-110
15-->[com.google.android.gms:play-services-measurement:23.2.0] AndroidManifest.xml:26:22-107
16    <uses-permission android:name="com.google.android.gms.permission.AD_ID" />
16-->[com.google.android.gms:play-services-measurement-api:23.2.0] AndroidManifest.xml:25:5-79
16-->[com.google.android.gms:play-services-measurement-api:23.2.0] AndroidManifest.xml:25:22-76
17    <uses-permission android:name="android.permission.ACCESS_ADSERVICES_ATTRIBUTION" />
17-->[com.google.android.gms:play-services-measurement-api:23.2.0] AndroidManifest.xml:26:5-88
17-->[com.google.android.gms:play-services-measurement-api:23.2.0] AndroidManifest.xml:26:22-85
18    <uses-permission android:name="android.permission.ACCESS_ADSERVICES_AD_ID" />
18-->[com.google.android.gms:play-services-measurement-api:23.2.0] AndroidManifest.xml:27:5-82
18-->[com.google.android.gms:play-services-measurement-api:23.2.0] AndroidManifest.xml:27:22-79
19
20    <permission
20-->[androidx.core:core:1.9.0] AndroidManifest.xml:22:5-24:47
21        android:name="com.storepilot.DYNAMIC_RECEIVER_NOT_EXPORTED_PERMISSION"
21-->[androidx.core:core:1.9.0] AndroidManifest.xml:23:9-81
22        android:protectionLevel="signature" />
22-->[androidx.core:core:1.9.0] AndroidManifest.xml:24:9-44
23
24    <uses-permission android:name="com.storepilot.DYNAMIC_RECEIVER_NOT_EXPORTED_PERMISSION" />
24-->[androidx.core:core:1.9.0] AndroidManifest.xml:26:5-97
24-->[androidx.core:core:1.9.0] AndroidManifest.xml:26:22-94
25
26    <application
26-->src\main\AndroidManifest.xml:4:5-53:19
27        android:allowBackup="true"
27-->src\main\AndroidManifest.xml:5:9-35
28        android:appComponentFactory="androidx.core.app.CoreComponentFactory"
28-->[androidx.core:core:1.9.0] AndroidManifest.xml:28:18-86
29        android:debuggable="true"
30        android:extractNativeLibs="false"
31        android:icon="@mipmap/ic_launcher"
31-->src\main\AndroidManifest.xml:6:9-43
32        android:label="@string/app_name"
32-->src\main\AndroidManifest.xml:7:9-41
33        android:roundIcon="@mipmap/ic_launcher_round"
33-->src\main\AndroidManifest.xml:8:9-54
34        android:supportsRtl="true"
34-->src\main\AndroidManifest.xml:9:9-35
35        android:testOnly="true"
36        android:theme="@style/Theme.StorePilot" >
36-->src\main\AndroidManifest.xml:10:9-48
37        <activity
37-->src\main\AndroidManifest.xml:12:9-19:20
38            android:name="com.storepilot.auth.LoginActivity"
38-->src\main\AndroidManifest.xml:13:13-47
39            android:exported="true" >
39-->src\main\AndroidManifest.xml:14:13-36
40            <intent-filter>
40-->src\main\AndroidManifest.xml:15:13-18:29
41                <action android:name="android.intent.action.MAIN" />
41-->src\main\AndroidManifest.xml:16:17-69
41-->src\main\AndroidManifest.xml:16:25-66
42
43                <category android:name="android.intent.category.LAUNCHER" />
43-->src\main\AndroidManifest.xml:17:17-77
43-->src\main\AndroidManifest.xml:17:27-74
44            </intent-filter>
45        </activity>
46        <activity
46-->src\main\AndroidManifest.xml:21:9-23:40
47            android:name="com.storepilot.auth.SetupActivity"
47-->src\main\AndroidManifest.xml:22:13-47
48            android:exported="false" />
48-->src\main\AndroidManifest.xml:23:13-37
49        <activity
49-->src\main\AndroidManifest.xml:25:9-27:40
50            android:name="com.storepilot.MainActivity"
50-->src\main\AndroidManifest.xml:26:13-41
51            android:exported="false" />
51-->src\main\AndroidManifest.xml:27:13-37
52        <activity
52-->src\main\AndroidManifest.xml:29:9-31:40
53            android:name="com.storepilot.inventory.AddEditProductActivity"
53-->src\main\AndroidManifest.xml:30:13-61
54            android:exported="false" />
54-->src\main\AndroidManifest.xml:31:13-37
55        <activity
55-->src\main\AndroidManifest.xml:33:9-35:40
56            android:name="com.storepilot.sales.AddSaleActivity"
56-->src\main\AndroidManifest.xml:34:13-50
57            android:exported="false" />
57-->src\main\AndroidManifest.xml:35:13-37
58        <activity
58-->src\main\AndroidManifest.xml:37:9-39:40
59            android:name="com.storepilot.purchases.AddPurchaseActivity"
59-->src\main\AndroidManifest.xml:38:13-58
60            android:exported="false" />
60-->src\main\AndroidManifest.xml:39:13-37
61        <activity
61-->src\main\AndroidManifest.xml:41:9-43:40
62            android:name="com.storepilot.marketing.AddMetricActivity"
62-->src\main\AndroidManifest.xml:42:13-56
63            android:exported="false" />
63-->src\main\AndroidManifest.xml:43:13-37
64        <activity
64-->src\main\AndroidManifest.xml:45:9-47:40
65            android:name="com.storepilot.seasons.AddEditSeasonActivity"
65-->src\main\AndroidManifest.xml:46:13-58
66            android:exported="false" />
66-->src\main\AndroidManifest.xml:47:13-37
67        <activity
67-->src\main\AndroidManifest.xml:49:9-51:40
68            android:name="com.storepilot.tasks.AddEditTaskActivity"
68-->src\main\AndroidManifest.xml:50:13-54
69            android:exported="false" />
69-->src\main\AndroidManifest.xml:51:13-37
70
71        <receiver
71-->[com.google.android.gms:play-services-measurement:23.2.0] AndroidManifest.xml:29:9-33:20
72            android:name="com.google.android.gms.measurement.AppMeasurementReceiver"
72-->[com.google.android.gms:play-services-measurement:23.2.0] AndroidManifest.xml:30:13-85
73            android:enabled="true"
73-->[com.google.android.gms:play-services-measurement:23.2.0] AndroidManifest.xml:31:13-35
74            android:exported="false" >
74-->[com.google.android.gms:play-services-measurement:23.2.0] AndroidManifest.xml:32:13-37
75        </receiver>
76
77        <service
77-->[com.google.android.gms:play-services-measurement:23.2.0] AndroidManifest.xml:35:9-38:40
78            android:name="com.google.android.gms.measurement.AppMeasurementService"
78-->[com.google.android.gms:play-services-measurement:23.2.0] AndroidManifest.xml:36:13-84
79            android:enabled="true"
79-->[com.google.android.gms:play-services-measurement:23.2.0] AndroidManifest.xml:37:13-35
80            android:exported="false" />
80-->[com.google.android.gms:play-services-measurement:23.2.0] AndroidManifest.xml:38:13-37
81        <service
81-->[com.google.android.gms:play-services-measurement:23.2.0] AndroidManifest.xml:39:9-43:72
82            android:name="com.google.android.gms.measurement.AppMeasurementJobService"
82-->[com.google.android.gms:play-services-measurement:23.2.0] AndroidManifest.xml:40:13-87
83            android:enabled="true"
83-->[com.google.android.gms:play-services-measurement:23.2.0] AndroidManifest.xml:41:13-35
84            android:exported="false"
84-->[com.google.android.gms:play-services-measurement:23.2.0] AndroidManifest.xml:42:13-37
85            android:permission="android.permission.BIND_JOB_SERVICE" />
85-->[com.google.android.gms:play-services-measurement:23.2.0] AndroidManifest.xml:43:13-69
86        <service
86-->[com.google.android.gms:play-services-measurement-api:23.2.0] AndroidManifest.xml:30:9-36:19
87            android:name="com.google.firebase.components.ComponentDiscoveryService"
87-->[com.google.android.gms:play-services-measurement-api:23.2.0] AndroidManifest.xml:31:13-84
88            android:directBootAware="true"
88-->[com.google.firebase:firebase-common:22.0.1] AndroidManifest.xml:32:13-43
89            android:exported="false" >
89-->[com.google.android.gms:play-services-measurement-api:23.2.0] AndroidManifest.xml:32:13-37
90            <meta-data
90-->[com.google.android.gms:play-services-measurement-api:23.2.0] AndroidManifest.xml:33:13-35:85
91                android:name="com.google.firebase.components:com.google.firebase.analytics.connector.internal.AnalyticsConnectorRegistrar"
91-->[com.google.android.gms:play-services-measurement-api:23.2.0] AndroidManifest.xml:34:17-139
92                android:value="com.google.firebase.components.ComponentRegistrar" />
92-->[com.google.android.gms:play-services-measurement-api:23.2.0] AndroidManifest.xml:35:17-82
93            <meta-data
93-->[com.google.firebase:firebase-installations:19.1.0] AndroidManifest.xml:15:13-17:85
94                android:name="com.google.firebase.components:com.google.firebase.installations.FirebaseInstallationsKtxRegistrar"
94-->[com.google.firebase:firebase-installations:19.1.0] AndroidManifest.xml:16:17-130
95                android:value="com.google.firebase.components.ComponentRegistrar" />
95-->[com.google.firebase:firebase-installations:19.1.0] AndroidManifest.xml:17:17-82
96            <meta-data
96-->[com.google.firebase:firebase-installations:19.1.0] AndroidManifest.xml:18:13-20:85
97                android:name="com.google.firebase.components:com.google.firebase.installations.FirebaseInstallationsRegistrar"
97-->[com.google.firebase:firebase-installations:19.1.0] AndroidManifest.xml:19:17-127
98                android:value="com.google.firebase.components.ComponentRegistrar" />
98-->[com.google.firebase:firebase-installations:19.1.0] AndroidManifest.xml:20:17-82
99            <meta-data
99-->[com.google.firebase:firebase-common:22.0.1] AndroidManifest.xml:35:13-37:85
100                android:name="com.google.firebase.components:com.google.firebase.FirebaseCommonKtxRegistrar"
100-->[com.google.firebase:firebase-common:22.0.1] AndroidManifest.xml:36:17-109
101                android:value="com.google.firebase.components.ComponentRegistrar" />
101-->[com.google.firebase:firebase-common:22.0.1] AndroidManifest.xml:37:17-82
102        </service>
103
104        <provider
104-->[com.google.firebase:firebase-common:22.0.1] AndroidManifest.xml:23:9-28:39
105            android:name="com.google.firebase.provider.FirebaseInitProvider"
105-->[com.google.firebase:firebase-common:22.0.1] AndroidManifest.xml:24:13-77
106            android:authorities="com.storepilot.firebaseinitprovider"
106-->[com.google.firebase:firebase-common:22.0.1] AndroidManifest.xml:25:13-72
107            android:directBootAware="true"
107-->[com.google.firebase:firebase-common:22.0.1] AndroidManifest.xml:26:13-43
108            android:exported="false"
108-->[com.google.firebase:firebase-common:22.0.1] AndroidManifest.xml:27:13-37
109            android:initOrder="100" />
109-->[com.google.firebase:firebase-common:22.0.1] AndroidManifest.xml:28:13-36
110
111        <activity
111-->[com.google.android.gms:play-services-base:18.5.0] AndroidManifest.xml:5:9-173
112            android:name="com.google.android.gms.common.api.GoogleApiActivity"
112-->[com.google.android.gms:play-services-base:18.5.0] AndroidManifest.xml:5:19-85
113            android:exported="false"
113-->[com.google.android.gms:play-services-base:18.5.0] AndroidManifest.xml:5:146-170
114            android:theme="@android:style/Theme.Translucent.NoTitleBar" />
114-->[com.google.android.gms:play-services-base:18.5.0] AndroidManifest.xml:5:86-145
115
116        <provider
116-->[androidx.emoji2:emoji2:1.2.0] AndroidManifest.xml:24:9-32:20
117            android:name="androidx.startup.InitializationProvider"
117-->[androidx.emoji2:emoji2:1.2.0] AndroidManifest.xml:25:13-67
118            android:authorities="com.storepilot.androidx-startup"
118-->[androidx.emoji2:emoji2:1.2.0] AndroidManifest.xml:26:13-68
119            android:exported="false" >
119-->[androidx.emoji2:emoji2:1.2.0] AndroidManifest.xml:27:13-37
120            <meta-data
120-->[androidx.emoji2:emoji2:1.2.0] AndroidManifest.xml:29:13-31:52
121                android:name="androidx.emoji2.text.EmojiCompatInitializer"
121-->[androidx.emoji2:emoji2:1.2.0] AndroidManifest.xml:30:17-75
122                android:value="androidx.startup" />
122-->[androidx.emoji2:emoji2:1.2.0] AndroidManifest.xml:31:17-49
123            <meta-data
123-->[androidx.lifecycle:lifecycle-process:2.7.0] AndroidManifest.xml:29:13-31:52
124                android:name="androidx.lifecycle.ProcessLifecycleInitializer"
124-->[androidx.lifecycle:lifecycle-process:2.7.0] AndroidManifest.xml:30:17-78
125                android:value="androidx.startup" />
125-->[androidx.lifecycle:lifecycle-process:2.7.0] AndroidManifest.xml:31:17-49
126            <meta-data
126-->[androidx.profileinstaller:profileinstaller:1.3.0] AndroidManifest.xml:29:13-31:52
127                android:name="androidx.profileinstaller.ProfileInstallerInitializer"
127-->[androidx.profileinstaller:profileinstaller:1.3.0] AndroidManifest.xml:30:17-85
128                android:value="androidx.startup" />
128-->[androidx.profileinstaller:profileinstaller:1.3.0] AndroidManifest.xml:31:17-49
129        </provider>
130
131        <uses-library
131-->[androidx.window:window:1.0.0] AndroidManifest.xml:25:9-27:40
132            android:name="androidx.window.extensions"
132-->[androidx.window:window:1.0.0] AndroidManifest.xml:26:13-54
133            android:required="false" />
133-->[androidx.window:window:1.0.0] AndroidManifest.xml:27:13-37
134        <uses-library
134-->[androidx.window:window:1.0.0] AndroidManifest.xml:28:9-30:40
135            android:name="androidx.window.sidecar"
135-->[androidx.window:window:1.0.0] AndroidManifest.xml:29:13-51
136            android:required="false" />
136-->[androidx.window:window:1.0.0] AndroidManifest.xml:30:13-37
137        <uses-library
137-->[androidx.privacysandbox.ads:ads-adservices:1.1.0-beta11] AndroidManifest.xml:23:9-25:40
138            android:name="android.ext.adservices"
138-->[androidx.privacysandbox.ads:ads-adservices:1.1.0-beta11] AndroidManifest.xml:24:13-50
139            android:required="false" />
139-->[androidx.privacysandbox.ads:ads-adservices:1.1.0-beta11] AndroidManifest.xml:25:13-37
140
141        <meta-data
141-->[com.google.android.gms:play-services-basement:18.9.0] AndroidManifest.xml:21:9-23:69
142            android:name="com.google.android.gms.version"
142-->[com.google.android.gms:play-services-basement:18.9.0] AndroidManifest.xml:22:13-58
143            android:value="@integer/google_play_services_version" />
143-->[com.google.android.gms:play-services-basement:18.9.0] AndroidManifest.xml:23:13-66
144
145        <service
145-->[androidx.room:room-runtime:2.6.1] AndroidManifest.xml:24:9-28:63
146            android:name="androidx.room.MultiInstanceInvalidationService"
146-->[androidx.room:room-runtime:2.6.1] AndroidManifest.xml:25:13-74
147            android:directBootAware="true"
147-->[androidx.room:room-runtime:2.6.1] AndroidManifest.xml:26:13-43
148            android:exported="false" />
148-->[androidx.room:room-runtime:2.6.1] AndroidManifest.xml:27:13-37
149
150        <receiver
150-->[androidx.profileinstaller:profileinstaller:1.3.0] AndroidManifest.xml:34:9-52:20
151            android:name="androidx.profileinstaller.ProfileInstallReceiver"
151-->[androidx.profileinstaller:profileinstaller:1.3.0] AndroidManifest.xml:35:13-76
152            android:directBootAware="false"
152-->[androidx.profileinstaller:profileinstaller:1.3.0] AndroidManifest.xml:36:13-44
153            android:enabled="true"
153-->[androidx.profileinstaller:profileinstaller:1.3.0] AndroidManifest.xml:37:13-35
154            android:exported="true"
154-->[androidx.profileinstaller:profileinstaller:1.3.0] AndroidManifest.xml:38:13-36
155            android:permission="android.permission.DUMP" >
155-->[androidx.profileinstaller:profileinstaller:1.3.0] AndroidManifest.xml:39:13-57
156            <intent-filter>
156-->[androidx.profileinstaller:profileinstaller:1.3.0] AndroidManifest.xml:40:13-42:29
157                <action android:name="androidx.profileinstaller.action.INSTALL_PROFILE" />
157-->[androidx.profileinstaller:profileinstaller:1.3.0] AndroidManifest.xml:41:17-91
157-->[androidx.profileinstaller:profileinstaller:1.3.0] AndroidManifest.xml:41:25-88
158            </intent-filter>
159            <intent-filter>
159-->[androidx.profileinstaller:profileinstaller:1.3.0] AndroidManifest.xml:43:13-45:29
160                <action android:name="androidx.profileinstaller.action.SKIP_FILE" />
160-->[androidx.profileinstaller:profileinstaller:1.3.0] AndroidManifest.xml:44:17-85
160-->[androidx.profileinstaller:profileinstaller:1.3.0] AndroidManifest.xml:44:25-82
161            </intent-filter>
162            <intent-filter>
162-->[androidx.profileinstaller:profileinstaller:1.3.0] AndroidManifest.xml:46:13-48:29
163                <action android:name="androidx.profileinstaller.action.SAVE_PROFILE" />
163-->[androidx.profileinstaller:profileinstaller:1.3.0] AndroidManifest.xml:47:17-88
163-->[androidx.profileinstaller:profileinstaller:1.3.0] AndroidManifest.xml:47:25-85
164            </intent-filter>
165            <intent-filter>
165-->[androidx.profileinstaller:profileinstaller:1.3.0] AndroidManifest.xml:49:13-51:29
166                <action android:name="androidx.profileinstaller.action.BENCHMARK_OPERATION" />
166-->[androidx.profileinstaller:profileinstaller:1.3.0] AndroidManifest.xml:50:17-95
166-->[androidx.profileinstaller:profileinstaller:1.3.0] AndroidManifest.xml:50:25-92
167            </intent-filter>
168        </receiver>
169    </application>
170
171</manifest>